mode: atomic
github.com/theued/p2plib/kademlia/iterator.go:33.84,46.27 2 3
github.com/theued/p2plib/kademlia/iterator.go:50.2,50.11 1 3
github.com/theued/p2plib/kademlia/iterator.go:46.27,48.3 1 0
github.com/theued/p2plib/kademlia/iterator.go:55.61,61.29 4 3
github.com/theued/p2plib/kademlia/iterator.go:65.2,67.37 2 3
github.com/theued/p2plib/kademlia/iterator.go:71.2,71.16 1 3
github.com/theued/p2plib/kademlia/iterator.go:61.29,63.3 1 6
github.com/theued/p2plib/kademlia/iterator.go:67.37,69.3 1 0
github.com/theued/p2plib/kademlia/iterator.go:74.50,84.38 4 3
github.com/theued/p2plib/kademlia/iterator.go:84.38,87.3 2 5
github.com/theued/p2plib/kademlia/iterator.go:90.31,94.39 3 3
github.com/theued/p2plib/kademlia/iterator.go:103.2,105.19 2 3
github.com/theued/p2plib/kademlia/iterator.go:94.39,97.13 2 9
github.com/theued/p2plib/kademlia/iterator.go:97.13,100.4 2 9
github.com/theued/p2plib/kademlia/iterator.go:108.48,116.55 6 9
github.com/theued/p2plib/kademlia/iterator.go:123.2,123.6 1 9
github.com/theued/p2plib/kademlia/iterator.go:150.2,152.16 3 9
github.com/theued/p2plib/kademlia/iterator.go:116.55,117.13 1 72
github.com/theued/p2plib/kademlia/iterator.go:117.13,120.4 2 72
github.com/theued/p2plib/kademlia/iterator.go:123.6,124.57 1 15
github.com/theued/p2plib/kademlia/iterator.go:132.3,132.19 1 15
github.com/theued/p2plib/kademlia/iterator.go:136.3,139.26 3 6
github.com/theued/p2plib/kademlia/iterator.go:145.3,147.12 2 6
github.com/theued/p2plib/kademlia/iterator.go:124.57,130.4 4 6
github.com/theued/p2plib/kademlia/iterator.go:132.19,133.9 1 9
github.com/theued/p2plib/kademlia/iterator.go:139.26,140.49 1 10
github.com/theued/p2plib/kademlia/iterator.go:140.49,143.5 2 1
github.com/theued/p2plib/kademlia/iterator.go:155.86,156.21 1 72
github.com/theued/p2plib/kademlia/iterator.go:156.21,158.3 1 6
github.com/theued/p2plib/kademlia/iterator.go:161.71,166.16 4 6
github.com/theued/p2plib/kademlia/iterator.go:171.2,172.9 2 6
github.com/theued/p2plib/kademlia/iterator.go:177.2,179.20 2 6
github.com/theued/p2plib/kademlia/iterator.go:166.16,169.3 2 0
github.com/theued/p2plib/kademlia/iterator.go:172.9,175.3 2 0
github.com/theued/p2plib/kademlia/iterator_options.go:14.60,15.28 1 0
github.com/theued/p2plib/kademlia/iterator_options.go:15.28,17.3 1 0
github.com/theued/p2plib/kademlia/iterator_options.go:22.66,23.28 1 0
github.com/theued/p2plib/kademlia/iterator_options.go:23.28,25.3 1 0
github.com/theued/p2plib/kademlia/iterator_options.go:30.76,31.28 1 0
github.com/theued/p2plib/kademlia/iterator_options.go:31.28,33.3 1 0
github.com/theued/p2plib/kademlia/iterator_options.go:38.96,39.28 1 0
github.com/theued/p2plib/kademlia/iterator_options.go:39.28,41.3 1 0
github.com/theued/p2plib/kademlia/iterator_options.go:46.76,47.28 1 0
github.com/theued/p2plib/kademlia/iterator_options.go:47.28,49.3 1 0
github.com/theued/p2plib/kademlia/msg.go:13.32,13.46 1 3
github.com/theued/p2plib/kademlia/msg.go:16.42,16.64 1 2
github.com/theued/p2plib/kademlia/msg.go:22.32,22.46 1 2
github.com/theued/p2plib/kademlia/msg.go:25.42,25.64 1 2
github.com/theued/p2plib/kademlia/msg.go:35.43,37.2 1 6
github.com/theued/p2plib/kademlia/msg.go:41.68,42.37 1 6
github.com/theued/p2plib/kademlia/msg.go:48.2,51.17 3 6
github.com/theued/p2plib/kademlia/msg.go:42.37,46.3 1 0
github.com/theued/p2plib/kademlia/msg.go:62.44,65.35 2 6
github.com/theued/p2plib/kademlia/msg.go:69.2,69.12 1 6
github.com/theued/p2plib/kademlia/msg.go:65.35,67.3 1 10
github.com/theued/p2plib/kademlia/msg.go:74.70,77.18 2 6
github.com/theued/p2plib/kademlia/msg.go:81.2,86.36 4 6
github.com/theued/p2plib/kademlia/msg.go:96.2,98.17 2 6
github.com/theued/p2plib/kademlia/msg.go:77.18,79.3 1 0
github.com/theued/p2plib/kademlia/msg.go:86.36,88.17 2 10
github.com/theued/p2plib/kademlia/msg.go:92.3,93.24 2 10
github.com/theued/p2plib/kademlia/msg.go:88.17,90.4 1 0
github.com/theued/p2plib/kademlia/protocol.go:34.44,39.27 2 21
github.com/theued/p2plib/kademlia/protocol.go:43.2,43.10 1 21
github.com/theued/p2plib/kademlia/protocol.go:39.27,41.3 1 0
github.com/theued/p2plib/kademlia/protocol.go:48.84,50.2 1 3
github.com/theued/p2plib/kademlia/protocol.go:54.64,56.2 1 3
github.com/theued/p2plib/kademlia/protocol.go:61.65,63.16 2 2
github.com/theued/p2plib/kademlia/protocol.go:67.2,67.30 1 2
github.com/theued/p2plib/kademlia/protocol.go:71.2,71.12 1 2
github.com/theued/p2plib/kademlia/protocol.go:63.16,65.3 1 0
github.com/theued/p2plib/kademlia/protocol.go:67.30,69.3 1 0
github.com/theued/p2plib/kademlia/protocol.go:75.35,77.2 1 8
github.com/theued/p2plib/kademlia/protocol.go:82.37,83.6 1 70
github.com/theued/p2plib/kademlia/protocol.go:83.6,85.17 2 71
github.com/theued/p2plib/kademlia/protocol.go:106.3,112.17 5 1
github.com/theued/p2plib/kademlia/protocol.go:127.3,127.32 1 0
github.com/theued/p2plib/kademlia/protocol.go:142.3,147.36 2 0
github.com/theued/p2plib/kademlia/protocol.go:151.3,151.9 1 0
github.com/theued/p2plib/kademlia/protocol.go:85.17,86.16 1 70
github.com/theued/p2plib/kademlia/protocol.go:93.4,93.16 1 70
github.com/theued/p2plib/kademlia/protocol.go:103.4,103.10 1 70
github.com/theued/p2plib/kademlia/protocol.go:86.16,91.5 1 40
github.com/theued/p2plib/kademlia/protocol.go:93.16,94.39 1 40
github.com/theued/p2plib/kademlia/protocol.go:94.39,96.6 1 0
github.com/theued/p2plib/kademlia/protocol.go:97.10,98.39 1 30
github.com/theued/p2plib/kademlia/protocol.go:98.39,100.6 1 0
github.com/theued/p2plib/kademlia/protocol.go:112.17,113.55 1 1
github.com/theued/p2plib/kademlia/protocol.go:124.4,124.12 1 1
github.com/theued/p2plib/kademlia/protocol.go:113.55,120.38 2 0
github.com/theued/p2plib/kademlia/protocol.go:120.38,122.6 1 0
github.com/theued/p2plib/kademlia/protocol.go:127.32,128.55 1 0
github.com/theued/p2plib/kademlia/protocol.go:139.4,139.12 1 0
github.com/theued/p2plib/kademlia/protocol.go:128.55,135.38 2 0
github.com/theued/p2plib/kademlia/protocol.go:135.38,137.6 1 0
github.com/theued/p2plib/kademlia/protocol.go:147.36,149.4 1 0
github.com/theued/p2plib/kademlia/protocol.go:156.46,164.2 1 21
github.com/theued/p2plib/kademlia/protocol.go:168.49,172.21 3 21
github.com/theued/p2plib/kademlia/protocol.go:176.2,183.12 6 21
github.com/theued/p2plib/kademlia/protocol.go:172.21,174.3 1 21
github.com/theued/p2plib/kademlia/protocol.go:188.58,190.2 1 46
github.com/theued/p2plib/kademlia/protocol.go:193.57,194.59 1 1
github.com/theued/p2plib/kademlia/protocol.go:194.59,197.36 2 1
github.com/theued/p2plib/kademlia/protocol.go:197.36,199.4 1 0
github.com/theued/p2plib/kademlia/protocol.go:205.56,207.2 1 16
github.com/theued/p2plib/kademlia/protocol.go:211.56,213.2 1 8
github.com/theued/p2plib/kademlia/protocol.go:216.59,218.16 2 8
github.com/theued/p2plib/kademlia/protocol.go:222.2,222.27 1 8
github.com/theued/p2plib/kademlia/protocol.go:235.2,235.12 1 0
github.com/theued/p2plib/kademlia/protocol.go:218.16,220.3 1 0
github.com/theued/p2plib/kademlia/protocol.go:223.12,224.23 1 2
github.com/theued/p2plib/kademlia/protocol.go:227.3,227.33 1 2
github.com/theued/p2plib/kademlia/protocol.go:228.23,229.23 1 6
github.com/theued/p2plib/kademlia/protocol.go:232.3,232.97 1 6
github.com/theued/p2plib/kademlia/protocol.go:224.23,226.4 1 0
github.com/theued/p2plib/kademlia/protocol.go:229.23,231.4 1 0
github.com/theued/p2plib/kademlia/protocol_options.go:12.55,13.27 1 0
github.com/theued/p2plib/kademlia/protocol_options.go:13.27,15.3 1 0
github.com/theued/p2plib/kademlia/protocol_options.go:20.60,21.27 1 0
github.com/theued/p2plib/kademlia/protocol_options.go:21.27,23.3 1 0
github.com/theued/p2plib/kademlia/protocol_options.go:29.72,30.27 1 0
github.com/theued/p2plib/kademlia/protocol_options.go:30.27,32.3 1 0
github.com/theued/p2plib/kademlia/table.go:21.37,24.42 2 149
github.com/theued/p2plib/kademlia/table.go:28.2,28.46 1 149
github.com/theued/p2plib/kademlia/table.go:32.2,32.14 1 149
github.com/theued/p2plib/kademlia/table.go:24.42,26.3 1 38144
github.com/theued/p2plib/kademlia/table.go:28.46,29.13 1 0
github.com/theued/p2plib/kademlia/table.go:36.33,38.2 1 0
github.com/theued/p2plib/kademlia/table.go:41.55,46.2 3 1
github.com/theued/p2plib/kademlia/table.go:49.59,56.50 5 2
github.com/theued/p2plib/kademlia/table.go:60.2,60.16 1 2
github.com/theued/p2plib/kademlia/table.go:56.50,58.3 1 32
github.com/theued/p2plib/kademlia/table.go:67.55,68.38 1 2268
github.com/theued/p2plib/kademlia/table.go:72.2,77.50 4 2268
github.com/theued/p2plib/kademlia/table.go:84.2,84.31 1 2226
github.com/theued/p2plib/kademlia/table.go:92.2,92.98 1 1
github.com/theued/p2plib/kademlia/table.go:68.38,70.3 1 0
github.com/theued/p2plib/kademlia/table.go:77.50,78.41 1 5601
github.com/theued/p2plib/kademlia/table.go:78.41,81.4 2 42
github.com/theued/p2plib/kademlia/table.go:84.31,88.3 3 2225
github.com/theued/p2plib/kademlia/table.go:96.55,102.50 4 0
github.com/theued/p2plib/kademlia/table.go:108.2,108.14 1 0
github.com/theued/p2plib/kademlia/table.go:102.50,103.38 1 0
github.com/theued/p2plib/kademlia/table.go:103.38,105.4 1 0
github.com/theued/p2plib/kademlia/table.go:113.65,119.50 4 1
github.com/theued/p2plib/kademlia/table.go:129.2,129.26 1 1
github.com/theued/p2plib/kademlia/table.go:119.50,122.22 2 15
github.com/theued/p2plib/kademlia/table.go:122.22,126.4 3 0
github.com/theued/p2plib/kademlia/table.go:134.65,138.35 3 1
github.com/theued/p2plib/kademlia/table.go:150.2,150.26 1 0
github.com/theued/p2plib/kademlia/table.go:138.35,139.51 1 2
github.com/theued/p2plib/kademlia/table.go:139.51,142.28 2 16
github.com/theued/p2plib/kademlia/table.go:142.28,146.5 3 1
github.com/theued/p2plib/kademlia/table.go:154.36,156.2 1 131
github.com/theued/p2plib/kademlia/table.go:159.71,162.31 2 137
github.com/theued/p2plib/kademlia/table.go:172.2,179.78 5 137
github.com/theued/p2plib/kademlia/table.go:189.2,191.22 2 137
github.com/theued/p2plib/kademlia/table.go:195.2,195.16 1 137
github.com/theued/p2plib/kademlia/table.go:162.31,163.51 1 35072
github.com/theued/p2plib/kademlia/table.go:163.51,166.23 2 2188
github.com/theued/p2plib/kademlia/table.go:166.23,168.5 1 2051
github.com/theued/p2plib/kademlia/table.go:179.78,180.17 1 34935
github.com/theued/p2plib/kademlia/table.go:184.3,184.29 1 34935
github.com/theued/p2plib/kademlia/table.go:180.17,182.4 1 34935
github.com/theued/p2plib/kademlia/table.go:184.29,186.4 1 0
github.com/theued/p2plib/kademlia/table.go:191.22,193.3 1 0
github.com/theued/p2plib/kademlia/table.go:199.38,205.35 4 2
github.com/theued/p2plib/kademlia/table.go:211.2,211.16 1 2
github.com/theued/p2plib/kademlia/table.go:205.35,206.51 1 512
github.com/theued/p2plib/kademlia/table.go:206.51,208.4 1 34
github.com/theued/p2plib/kademlia/table.go:215.34,220.2 3 4
github.com/theued/p2plib/kademlia/table.go:222.60,224.32 2 2409
github.com/theued/p2plib/kademlia/table.go:228.2,228.10 1 2111
github.com/theued/p2plib/kademlia/table.go:224.32,226.3 1 298
github.com/theued/p2plib/kademlia/binary.go:11.30,12.22 1 15193
github.com/theued/p2plib/kademlia/binary.go:16.2,18.30 2 15193
github.com/theued/p2plib/kademlia/binary.go:22.2,22.10 1 15193
github.com/theued/p2plib/kademlia/binary.go:12.22,14.3 1 0
github.com/theued/p2plib/kademlia/binary.go:18.30,20.3 1 486176
github.com/theued/p2plib/kademlia/binary.go:26.41,29.24 2 0
github.com/theued/p2plib/kademlia/binary.go:42.2,42.14 1 0
github.com/theued/p2plib/kademlia/binary.go:29.24,30.15 1 0
github.com/theued/p2plib/kademlia/binary.go:34.3,34.29 1 0
github.com/theued/p2plib/kademlia/binary.go:39.3,39.30 1 0
github.com/theued/p2plib/kademlia/binary.go:30.15,31.9 1 0
github.com/theued/p2plib/kademlia/binary.go:34.29,37.4 2 0
github.com/theued/p2plib/kademlia/binary.go:46.30,47.22 1 2483
github.com/theued/p2plib/kademlia/binary.go:53.2,53.19 1 298
github.com/theued/p2plib/kademlia/binary.go:47.22,48.13 1 11728
github.com/theued/p2plib/kademlia/binary.go:48.13,50.4 1 2185
github.com/theued/p2plib/kademlia/binary.go:57.68,58.38 1 140
github.com/theued/p2plib/kademlia/binary.go:62.2,62.12 1 140
github.com/theued/p2plib/kademlia/binary.go:58.38,60.3 1 6355
github.com/theued/p2plib/gossip/events.go:17.39,18.34 1 16
github.com/theued/p2plib/gossip/events.go:18.34,20.3 1 16
github.com/theued/p2plib/gossip/msg.go:7.35,9.2 1 153
github.com/theued/p2plib/gossip/msg.go:12.53,14.2 1 306
github.com/theued/p2plib/gossip/protocol.go:24.64,30.27 2 17
github.com/theued/p2plib/gossip/protocol.go:34.2,34.10 1 17
github.com/theued/p2plib/gossip/protocol.go:30.27,32.3 1 16
github.com/theued/p2plib/gossip/protocol.go:38.46,45.2 1 17
github.com/theued/p2plib/gossip/protocol.go:48.49,55.2 4 17
github.com/theued/p2plib/gossip/protocol.go:61.59,69.27 5 17
github.com/theued/p2plib/gossip/protocol.go:87.2,87.11 1 17
github.com/theued/p2plib/gossip/protocol.go:69.27,72.13 2 289
github.com/theued/p2plib/gossip/protocol.go:72.13,75.23 2 289
github.com/theued/p2plib/gossip/protocol.go:79.4,79.77 1 153
github.com/theued/p2plib/gossip/protocol.go:83.4,83.24 1 153
github.com/theued/p2plib/gossip/protocol.go:75.23,77.5 1 136
github.com/theued/p2plib/gossip/protocol.go:79.77,81.5 1 0
github.com/theued/p2plib/gossip/protocol.go:91.59,92.21 1 153
github.com/theued/p2plib/gossip/protocol.go:96.2,97.16 2 153
github.com/theued/p2plib/gossip/protocol.go:101.2,102.9 2 153
github.com/theued/p2plib/gossip/protocol.go:106.2,110.22 3 153
github.com/theued/p2plib/gossip/protocol.go:114.2,116.38 2 16
github.com/theued/p2plib/gossip/protocol.go:122.2,124.12 2 16
github.com/theued/p2plib/gossip/protocol.go:92.21,94.3 1 0
github.com/theued/p2plib/gossip/protocol.go:97.16,99.3 1 0
github.com/theued/p2plib/gossip/protocol.go:102.9,104.3 1 0
github.com/theued/p2plib/gossip/protocol.go:110.22,112.3 1 137
github.com/theued/p2plib/gossip/protocol.go:116.38,117.66 1 16
github.com/theued/p2plib/gossip/protocol.go:117.66,119.4 1 0
github.com/theued/p2plib/gossip/protocol.go:127.58,129.2 1 612
github.com/theued/p2plib/node_options.go:15.63,16.23 1 10
github.com/theued/p2plib/node_options.go:16.23,17.27 1 10
github.com/theued/p2plib/node_options.go:21.3,21.38 1 10
github.com/theued/p2plib/node_options.go:17.27,19.4 1 0
github.com/theued/p2plib/node_options.go:28.75,29.23 1 10
github.com/theued/p2plib/node_options.go:29.23,30.33 1 10
github.com/theued/p2plib/node_options.go:34.3,34.50 1 10
github.com/theued/p2plib/node_options.go:30.33,32.4 1 0
github.com/theued/p2plib/node_options.go:41.77,42.23 1 32
github.com/theued/p2plib/node_options.go:42.23,43.34 1 32
github.com/theued/p2plib/node_options.go:47.3,47.52 1 32
github.com/theued/p2plib/node_options.go:43.34,45.4 1 0
github.com/theued/p2plib/node_options.go:54.71,55.23 1 1
github.com/theued/p2plib/node_options.go:55.23,57.3 1 1
github.com/theued/p2plib/node_options.go:63.53,64.23 1 10
github.com/theued/p2plib/node_options.go:64.23,65.22 1 10
github.com/theued/p2plib/node_options.go:69.3,69.28 1 10
github.com/theued/p2plib/node_options.go:65.22,67.4 1 0
github.com/theued/p2plib/node_options.go:76.64,77.23 1 12
github.com/theued/p2plib/node_options.go:77.23,79.3 1 12
github.com/theued/p2plib/node_options.go:84.52,85.23 1 10
github.com/theued/p2plib/node_options.go:85.23,86.20 1 10
github.com/theued/p2plib/node_options.go:90.3,90.20 1 10
github.com/theued/p2plib/node_options.go:86.20,88.4 1 6
github.com/theued/p2plib/node_options.go:96.35,97.23 1 10
github.com/theued/p2plib/node_options.go:97.23,100.3 2 10
github.com/theued/p2plib/node_options.go:105.59,106.23 1 10
github.com/theued/p2plib/node_options.go:106.23,108.3 1 10
github.com/theued/p2plib/node_options.go:113.47,114.23 1 10
github.com/theued/p2plib/node_options.go:114.23,116.3 1 10
github.com/theued/p2plib/node_options.go:121.47,122.23 1 10
github.com/theued/p2plib/node_options.go:122.23,124.3 1 10
github.com/theued/p2plib/node_options.go:130.46,131.23 1 10
github.com/theued/p2plib/node_options.go:131.23,133.3 1 10
github.com/theued/p2plib/addr.go:10.53,12.16 2 0
github.com/theued/p2plib/addr.go:16.2,18.27 2 0
github.com/theued/p2plib/addr.go:12.16,14.3 1 0
github.com/theued/p2plib/addr.go:21.34,22.43 1 675
github.com/theued/p2plib/addr.go:26.2,26.11 1 166
github.com/theued/p2plib/addr.go:22.43,24.3 1 509
github.com/theued/p2plib/addr.go:29.36,33.20 3 675
github.com/theued/p2plib/addr.go:37.2,37.12 1 117
github.com/theued/p2plib/addr.go:33.20,35.3 1 558
github.com/theued/p2plib/client.go:26.37,27.7 1 0
github.com/theued/p2plib/client.go:31.2,31.18 1 0
github.com/theued/p2plib/client.go:27.7,29.3 1 0
github.com/theued/p2plib/client.go:88.36,108.2 4 404
github.com/theued/p2plib/client.go:114.26,116.2 1 30
github.com/theued/p2plib/client.go:121.39,126.2 3 1009
github.com/theued/p2plib/client.go:131.48,136.2 3 808
github.com/theued/p2plib/client.go:141.26,143.2 1 2
github.com/theued/p2plib/client.go:152.35,154.2 1 0
github.com/theued/p2plib/client.go:164.36,166.2 1 11
github.com/theued/p2plib/client.go:171.32,176.2 3 1508
github.com/theued/p2plib/client.go:178.41,182.24 3 393
github.com/theued/p2plib/client.go:182.24,184.3 1 392
github.com/theued/p2plib/client.go:187.26,188.24 1 585
github.com/theued/p2plib/client.go:188.24,194.20 5 392
github.com/theued/p2plib/client.go:194.20,196.4 1 392
github.com/theued/p2plib/client.go:200.35,202.2 1 0
github.com/theued/p2plib/client.go:204.36,206.2 1 201
github.com/theued/p2plib/client.go:208.61,212.15 3 202
github.com/theued/p2plib/client.go:217.2,220.16 3 202
github.com/theued/p2plib/client.go:228.2,240.44 9 202
github.com/theued/p2plib/client.go:212.15,215.3 2 196
github.com/theued/p2plib/client.go:220.16,226.3 5 0
github.com/theued/p2plib/client.go:240.44,241.41 1 0
github.com/theued/p2plib/client.go:245.3,245.33 1 0
github.com/theued/p2plib/client.go:241.41,242.12 1 0
github.com/theued/p2plib/client.go:249.54,253.15 3 202
github.com/theued/p2plib/client.go:258.2,264.22 5 202
github.com/theued/p2plib/client.go:269.2,273.44 4 202
github.com/theued/p2plib/client.go:253.15,256.3 2 196
github.com/theued/p2plib/client.go:264.22,267.3 2 0
github.com/theued/p2plib/client.go:273.44,274.41 1 0
github.com/theued/p2plib/client.go:278.3,278.33 1 0
github.com/theued/p2plib/client.go:274.41,275.12 1 0
github.com/theued/p2plib/client.go:282.41,283.28 1 2703
github.com/theued/p2plib/client.go:289.2,289.66 1 2703
github.com/theued/p2plib/client.go:293.2,295.71 2 2300
github.com/theued/p2plib/client.go:300.2,300.72 1 2299
github.com/theued/p2plib/client.go:304.2,304.20 1 2299
github.com/theued/p2plib/client.go:308.2,309.16 2 1895
github.com/theued/p2plib/client.go:313.2,313.17 1 1895
github.com/theued/p2plib/client.go:283.28,284.84 1 6
github.com/theued/p2plib/client.go:284.84,286.4 1 0
github.com/theued/p2plib/client.go:289.66,291.3 1 391
github.com/theued/p2plib/client.go:295.71,298.3 2 1
github.com/theued/p2plib/client.go:300.72,302.3 1 0
github.com/theued/p2plib/client.go:304.20,306.3 1 404
github.com/theued/p2plib/client.go:309.16,311.3 1 0
github.com/theued/p2plib/client.go:316.43,317.28 1 808
github.com/theued/p2plib/client.go:323.2,323.20 1 808
github.com/theued/p2plib/client.go:331.2,334.48 3 808
github.com/theued/p2plib/client.go:338.2,338.25 1 808
github.com/theued/p2plib/client.go:317.28,318.85 1 4
github.com/theued/p2plib/client.go:318.85,320.4 1 0
github.com/theued/p2plib/client.go:323.20,326.57 2 404
github.com/theued/p2plib/client.go:326.57,328.4 1 0
github.com/theued/p2plib/client.go:334.48,336.3 1 0
github.com/theued/p2plib/client.go:341.56,348.2 5 1493
github.com/theued/p2plib/client.go:350.77,354.16 2 198
github.com/theued/p2plib/client.go:360.2,360.44 1 198
github.com/theued/p2plib/client.go:367.2,369.9 2 198
github.com/theued/p2plib/client.go:378.2,378.17 1 198
github.com/theued/p2plib/client.go:354.16,356.3 1 0
github.com/theued/p2plib/client.go:360.44,363.3 2 0
github.com/theued/p2plib/client.go:370.18,371.21 1 198
github.com/theued/p2plib/client.go:374.20,375.30 1 0
github.com/theued/p2plib/client.go:371.21,373.4 1 0
github.com/theued/p2plib/client.go:381.30,387.16 3 404
github.com/theued/p2plib/client.go:394.2,396.65 2 404
github.com/theued/p2plib/client.go:403.2,404.16 2 404
github.com/theued/p2plib/client.go:409.2,409.46 1 404
github.com/theued/p2plib/client.go:418.2,423.126 3 404
github.com/theued/p2plib/client.go:431.2,432.16 2 404
github.com/theued/p2plib/client.go:440.2,441.16 2 404
github.com/theued/p2plib/client.go:446.2,447.16 2 404
github.com/theued/p2plib/client.go:452.2,460.37 5 404
github.com/theued/p2plib/client.go:467.2,468.16 2 404
github.com/theued/p2plib/client.go:473.2,474.16 2 404
github.com/theued/p2plib/client.go:481.2,484.41 3 404
github.com/theued/p2plib/client.go:493.2,493.102 1 404
github.com/theued/p2plib/client.go:498.2,509.44 4 404
github.com/theued/p2plib/client.go:387.16,390.3 2 0
github.com/theued/p2plib/client.go:396.65,399.3 2 0
github.com/theued/p2plib/client.go:404.16,407.3 2 0
github.com/theued/p2plib/client.go:409.46,416.3 2 0
github.com/theued/p2plib/client.go:423.126,426.3 2 0
github.com/theued/p2plib/client.go:432.16,435.3 2 0
github.com/theued/p2plib/client.go:441.16,444.3 2 0
github.com/theued/p2plib/client.go:447.16,450.3 2 0
github.com/theued/p2plib/client.go:460.37,463.3 2 0
github.com/theued/p2plib/client.go:468.16,471.3 2 0
github.com/theued/p2plib/client.go:474.16,477.3 2 0
github.com/theued/p2plib/client.go:484.41,491.3 2 0
github.com/theued/p2plib/client.go:493.102,496.3 2 0
github.com/theued/p2plib/client.go:509.44,510.38 1 12
github.com/theued/p2plib/client.go:514.3,514.30 1 12
github.com/theued/p2plib/client.go:510.38,511.12 1 0
github.com/theued/p2plib/client.go:518.29,521.6 2 404
github.com/theued/p2plib/client.go:521.6,523.17 2 1895
github.com/theued/p2plib/client.go:532.3,533.17 2 1491
github.com/theued/p2plib/client.go:540.3,542.57 2 1491
github.com/theued/p2plib/client.go:549.3,551.45 2 1293
github.com/theued/p2plib/client.go:523.17,524.19 1 392
github.com/theued/p2plib/client.go:527.4,529.9 2 392
github.com/theued/p2plib/client.go:524.19,526.5 1 4
github.com/theued/p2plib/client.go:533.17,537.9 3 0
github.com/theued/p2plib/client.go:542.57,546.12 3 198
github.com/theued/p2plib/client.go:551.45,552.37 1 6
github.com/theued/p2plib/client.go:556.4,556.29 1 6
github.com/theued/p2plib/client.go:552.37,553.13 1 0
github.com/theued/p2plib/client.go:561.30,568.6 4 404
github.com/theued/p2plib/client.go:568.6,569.10 1 950
github.com/theued/p2plib/client.go:577.3,577.29 1 949
github.com/theued/p2plib/client.go:588.3,589.48 2 949
github.com/theued/p2plib/client.go:592.3,596.19 4 937
github.com/theued/p2plib/client.go:600.3,600.33 1 546
github.com/theued/p2plib/client.go:635.3,635.42 1 546
github.com/theued/p2plib/client.go:644.3,644.45 1 546
github.com/theued/p2plib/client.go:570.23,571.10 1 1
github.com/theued/p2plib/client.go:572.23,573.10 1 0
github.com/theued/p2plib/client.go:574.11,574.11 0 949
github.com/theued/p2plib/client.go:577.29,578.86 1 2
github.com/theued/p2plib/client.go:578.86,579.20 1 0
github.com/theued/p2plib/client.go:582.5,584.16 2 0
github.com/theued/p2plib/client.go:579.20,581.6 1 0
github.com/theued/p2plib/client.go:589.48,591.4 1 769
github.com/theued/p2plib/client.go:596.19,597.15 1 391
github.com/theued/p2plib/client.go:600.33,604.22 3 1493
github.com/theued/p2plib/client.go:614.4,616.52 2 1493
github.com/theued/p2plib/client.go:625.4,625.49 1 1493
github.com/theued/p2plib/client.go:604.22,607.57 2 1493
github.com/theued/p2plib/client.go:607.57,610.17 3 0
github.com/theued/p2plib/client.go:616.52,617.20 1 0
github.com/theued/p2plib/client.go:620.5,622.16 2 0
github.com/theued/p2plib/client.go:617.20,619.6 1 0
github.com/theued/p2plib/client.go:625.49,626.20 1 0
github.com/theued/p2plib/client.go:629.5,631.16 2 0
github.com/theued/p2plib/client.go:626.20,628.6 1 0
github.com/theued/p2plib/client.go:635.42,636.19 1 0
github.com/theued/p2plib/client.go:639.4,641.15 2 0
github.com/theued/p2plib/client.go:636.19,638.5 1 0
github.com/theued/p2plib/client.go:644.45,645.37 1 12
github.com/theued/p2plib/client.go:649.4,649.29 1 12
github.com/theued/p2plib/client.go:645.37,646.13 1 0
github.com/theued/p2plib/client.go:654.28,655.28 1 392
github.com/theued/p2plib/client.go:659.2,661.29 2 197
github.com/theued/p2plib/client.go:667.2,667.14 1 4
github.com/theued/p2plib/client.go:655.28,657.3 1 195
github.com/theued/p2plib/client.go:661.29,662.63 1 196
github.com/theued/p2plib/client.go:662.63,664.4 1 193
github.com/theued/p2plib/codec.go:26.24,31.2 1 138
github.com/theued/p2plib/codec.go:33.67,40.48 5 20
github.com/theued/p2plib/codec.go:44.2,46.26 2 19
github.com/theued/p2plib/codec.go:50.2,55.22 4 19
github.com/theued/p2plib/codec.go:40.48,41.109 1 1
github.com/theued/p2plib/codec.go:46.26,47.100 1 0
github.com/theued/p2plib/codec.go:58.58,64.29 4 18
github.com/theued/p2plib/codec.go:68.2,69.17 2 18
github.com/theued/p2plib/codec.go:73.2,76.43 3 17
github.com/theued/p2plib/codec.go:64.29,66.3 1 0
github.com/theued/p2plib/codec.go:69.17,71.3 1 1
github.com/theued/p2plib/codec.go:79.59,80.19 1 18
github.com/theued/p2plib/codec.go:84.2,91.17 6 18
github.com/theued/p2plib/codec.go:95.2,97.25 2 17
github.com/theued/p2plib/codec.go:101.2,101.51 1 17
github.com/theued/p2plib/codec.go:80.19,82.3 1 0
github.com/theued/p2plib/codec.go:91.17,93.3 1 1
github.com/theued/p2plib/codec.go:97.25,99.3 1 0
github.com/theued/p2plib/ecdh.go:14.56,18.23 2 404
github.com/theued/p2plib/ecdh.go:21.2,36.27 9 404
github.com/theued/p2plib/ecdh.go:40.2,40.12 1 404
github.com/theued/p2plib/ecdh.go:18.23,20.3 1 12928
github.com/theued/p2plib/ecdh.go:36.27,38.3 1 12922
github.com/theued/p2plib/ecdh.go:43.58,48.2 4 404
github.com/theued/p2plib/ecdh.go:52.78,54.16 2 404
github.com/theued/p2plib/ecdh.go:58.2,58.20 1 404
github.com/theued/p2plib/ecdh.go:54.16,56.3 1 0
github.com/theued/p2plib/id.go:30.55,33.2 2 583
github.com/theued/p2plib/id.go:36.24,38.2 1 832
github.com/theued/p2plib/id.go:41.29,49.2 7 106
github.com/theued/p2plib/id.go:52.30,60.2 5 416
github.com/theued/p2plib/id.go:64.42,65.30 1 420
github.com/theued/p2plib/id.go:69.2,74.28 4 419
github.com/theued/p2plib/id.go:78.2,83.18 4 418
github.com/theued/p2plib/id.go:87.2,89.35 2 417
github.com/theued/p2plib/id.go:65.30,67.3 1 1
github.com/theued/p2plib/id.go:74.28,76.3 1 1
github.com/theued/p2plib/id.go:83.18,85.3 1 1
github.com/theued/p2plib/aead.go:9.44,10.18 1 1897
github.com/theued/p2plib/aead.go:17.2,17.32 1 1897
github.com/theued/p2plib/aead.go:10.18,15.3 3 0
github.com/theued/p2plib/aead.go:20.43,22.32 2 1897
github.com/theued/p2plib/aead.go:25.2,25.16 1 1897
github.com/theued/p2plib/aead.go:22.32,24.3 1 405
github.com/theued/p2plib/aead.go:28.65,34.46 4 1897
github.com/theued/p2plib/aead.go:38.2,38.80 1 1897
github.com/theued/p2plib/aead.go:34.46,36.3 1 0
github.com/theued/p2plib/aead.go:41.65,42.34 1 1895
github.com/theued/p2plib/aead.go:46.2,49.47 3 1895
github.com/theued/p2plib/aead.go:42.34,44.3 1 0
github.com/theued/p2plib/keys.go:48.91,50.16 2 404
github.com/theued/p2plib/keys.go:54.2,57.35 3 404
github.com/theued/p2plib/keys.go:50.16,52.3 1 0
github.com/theued/p2plib/keys.go:63.60,65.16 2 0
github.com/theued/p2plib/keys.go:69.2,69.35 1 0
github.com/theued/p2plib/keys.go:75.2,78.24 3 0
github.com/theued/p2plib/keys.go:65.16,67.3 1 0
github.com/theued/p2plib/keys.go:69.35,73.3 1 0
github.com/theued/p2plib/keys.go:82.66,84.2 1 808
github.com/theued/p2plib/keys.go:87.36,89.2 1 551
github.com/theued/p2plib/keys.go:92.50,94.2 1 1
github.com/theued/p2plib/keys.go:97.49,99.2 1 808
github.com/theued/p2plib/keys.go:102.37,104.2 1 47
github.com/theued/p2plib/keys.go:107.51,109.2 1 1
github.com/theued/p2plib/keys.go:112.40,117.2 3 10
github.com/theued/p2plib/keys.go:120.36,122.2 1 0
github.com/theued/p2plib/keys.go:125.50,127.2 1 0
github.com/theued/p2plib/keys.go:131.48,134.2 2 1616
github.com/theued/p2plib/map.go:23.40,29.2 1 272
github.com/theued/p2plib/map.go:31.63,36.13 4 1502
github.com/theued/p2plib/map.go:56.2,56.29 1 1502
github.com/theued/p2plib/map.go:36.13,37.54 1 404
github.com/theued/p2plib/map.go:48.3,51.26 3 404
github.com/theued/p2plib/map.go:37.54,46.4 6 0
github.com/theued/p2plib/map.go:52.8,54.3 1 1098
github.com/theued/p2plib/map.go:59.41,64.13 4 392
github.com/theued/p2plib/map.go:68.2,69.25 2 202
github.com/theued/p2plib/map.go:64.13,66.3 1 190
github.com/theued/p2plib/map.go:72.31,81.28 6 43
github.com/theued/p2plib/map.go:81.28,84.3 2 190
github.com/theued/p2plib/map.go:87.39,92.55 4 29
github.com/theued/p2plib/map.go:96.2,96.16 1 29
github.com/theued/p2plib/map.go:92.55,94.3 1 19
github.com/theued/p2plib/map.go:105.34,107.2 1 404
github.com/theued/p2plib/map.go:109.66,113.31 3 198
github.com/theued/p2plib/map.go:117.2,120.43 3 198
github.com/theued/p2plib/map.go:124.2,127.23 3 198
github.com/theued/p2plib/map.go:113.31,115.3 1 0
github.com/theued/p2plib/map.go:120.43,122.3 1 0
github.com/theued/p2plib/map.go:130.54,136.2 4 0
github.com/theued/p2plib/map.go:138.63,143.12 4 1491
github.com/theued/p2plib/map.go:147.2,147.11 1 1491
github.com/theued/p2plib/map.go:143.12,145.3 1 198
github.com/theued/p2plib/map.go:150.30,154.31 3 0
github.com/theued/p2plib/map.go:154.31,157.3 2 0
github.com/theued/p2plib/msg.go:16.45,22.2 4 1493
github.com/theued/p2plib/msg.go:24.53,25.19 1 1491
github.com/theued/p2plib/msg.go:29.2,32.47 3 1491
github.com/theued/p2plib/msg.go:25.19,27.3 1 0
github.com/theued/p2plib/msg.go:44.36,46.2 1 0
github.com/theued/p2plib/msg.go:49.49,51.2 1 0
github.com/theued/p2plib/msg.go:56.42,58.2 1 202
github.com/theued/p2plib/msg.go:63.45,65.2 1 206
github.com/theued/p2plib/msg.go:72.52,73.51 1 198
github.com/theued/p2plib/msg.go:77.2,77.45 1 198
github.com/theued/p2plib/msg.go:73.51,75.3 1 0
github.com/theued/p2plib/msg.go:88.66,90.2 1 9
github.com/theued/p2plib/msg.go:101.64,103.16 2 7
github.com/theued/p2plib/msg.go:107.2,107.23 1 7
github.com/theued/p2plib/msg.go:103.16,105.3 1 0
github.com/theued/p2plib/node.go:62.49,73.27 2 136
github.com/theued/p2plib/node.go:77.2,77.21 1 136
github.com/theued/p2plib/node.go:81.2,81.36 1 136
github.com/theued/p2plib/node.go:90.2,92.61 2 136
github.com/theued/p2plib/node.go:96.2,101.15 4 136
github.com/theued/p2plib/node.go:73.27,75.3 1 135
github.com/theued/p2plib/node.go:77.21,79.3 1 126
github.com/theued/p2plib/node.go:81.36,83.17 2 126
github.com/theued/p2plib/node.go:87.3,87.36 1 126
github.com/theued/p2plib/node.go:83.17,85.4 1 0
github.com/theued/p2plib/node.go:92.61,94.3 1 10
github.com/theued/p2plib/node.go:109.31,110.24 1 46
github.com/theued/p2plib/node.go:114.2,116.15 2 46
github.com/theued/p2plib/node.go:122.2,123.16 2 46
github.com/theued/p2plib/node.go:127.2,128.9 2 46
github.com/theued/p2plib/node.go:133.2,136.18 3 46
github.com/theued/p2plib/node.go:167.2,167.39 1 46
github.com/theued/p2plib/node.go:178.2,181.42 3 46
github.com/theued/p2plib/node.go:199.2,199.12 1 46
github.com/theued/p2plib/node.go:235.2,235.12 1 46
github.com/theued/p2plib/node.go:110.24,112.3 1 0
github.com/theued/p2plib/node.go:116.15,117.17 1 46
github.com/theued/p2plib/node.go:117.17,119.4 1 0
github.com/theued/p2plib/node.go:123.16,125.3 1 0
github.com/theued/p2plib/node.go:128.9,131.3 2 0
github.com/theued/p2plib/node.go:136.18,139.3 2 46
github.com/theued/p2plib/node.go:139.8,141.17 2 0
github.com/theued/p2plib/node.go:146.3,147.17 2 0
github.com/theued/p2plib/node.go:152.3,153.18 2 0
github.com/theued/p2plib/node.go:158.3,159.17 2 0
github.com/theued/p2plib/node.go:164.3,164.48 1 0
github.com/theued/p2plib/node.go:141.17,144.4 2 0
github.com/theued/p2plib/node.go:147.17,150.4 2 0
github.com/theued/p2plib/node.go:153.18,156.4 2 0
github.com/theued/p2plib/node.go:159.17,162.4 2 0
github.com/theued/p2plib/node.go:167.39,168.27 1 3
github.com/theued/p2plib/node.go:172.3,172.41 1 3
github.com/theued/p2plib/node.go:168.27,169.12 1 0
github.com/theued/p2plib/node.go:172.41,175.4 2 0
github.com/theued/p2plib/node.go:181.42,182.13 1 1472
github.com/theued/p2plib/node.go:182.13,185.28 2 1472
github.com/theued/p2plib/node.go:185.28,186.40 1 1293
github.com/theued/p2plib/node.go:186.40,187.41 1 1293
github.com/theued/p2plib/node.go:187.41,193.7 4 1
github.com/theued/p2plib/node.go:199.12,202.16 2 46
github.com/theued/p2plib/node.go:212.3,219.7 2 46
github.com/theued/p2plib/node.go:202.16,210.4 5 43
github.com/theued/p2plib/node.go:219.7,221.18 2 248
github.com/theued/p2plib/node.go:226.4,229.15 3 202
github.com/theued/p2plib/node.go:221.18,223.10 2 43
github.com/theued/p2plib/node.go:229.15,231.5 1 202
github.com/theued/p2plib/node.go:252.73,254.2 1 16
github.com/theued/p2plib/node.go:261.64,263.2 1 16
github.com/theued/p2plib/node.go:270.65,272.2 1 16
github.com/theued/p2plib/node.go:276.86,278.16 2 2
github.com/theued/p2plib/node.go:282.2,282.32 1 2
github.com/theued/p2plib/node.go:278.16,280.3 1 0
github.com/theued/p2plib/node.go:288.105,290.16 2 7
github.com/theued/p2plib/node.go:294.2,295.16 2 7
github.com/theued/p2plib/node.go:299.2,300.16 2 7
github.com/theued/p2plib/node.go:304.2,304.17 1 7
github.com/theued/p2plib/node.go:290.16,292.3 1 0
github.com/theued/p2plib/node.go:295.16,297.3 1 0
github.com/theued/p2plib/node.go:300.16,302.3 1 0
github.com/theued/p2plib/node.go:316.74,318.16 2 1097
github.com/theued/p2plib/node.go:322.2,322.40 1 1097
github.com/theued/p2plib/node.go:326.2,326.12 1 1097
github.com/theued/p2plib/node.go:318.16,320.3 1 0
github.com/theued/p2plib/node.go:322.40,324.3 1 0
github.com/theued/p2plib/node.go:343.87,345.16 2 198
github.com/theued/p2plib/node.go:349.2,350.16 2 198
github.com/theued/p2plib/node.go:354.2,354.22 1 198
github.com/theued/p2plib/node.go:345.16,347.3 1 0
github.com/theued/p2plib/node.go:350.16,352.3 1 0
github.com/theued/p2plib/node.go:369.72,371.2 1 5
github.com/theued/p2plib/node.go:378.30,379.34 1 43
github.com/theued/p2plib/node.go:385.2,387.12 2 43
github.com/theued/p2plib/node.go:379.34,380.44 1 43
github.com/theued/p2plib/node.go:380.44,382.4 1 0
github.com/theued/p2plib/node.go:390.83,393.47 2 1300
github.com/theued/p2plib/node.go:430.2,432.39 2 0
github.com/theued/p2plib/node.go:440.2,440.17 1 0
github.com/theued/p2plib/node.go:393.47,395.14 2 1300
github.com/theued/p2plib/node.go:399.3,399.10 1 1300
github.com/theued/p2plib/node.go:410.3,410.17 1 1300
github.com/theued/p2plib/node.go:414.3,417.83 3 0
github.com/theued/p2plib/node.go:395.14,397.4 1 202
github.com/theued/p2plib/node.go:400.21,401.58 1 0
github.com/theued/p2plib/node.go:402.23,403.24 1 1300
github.com/theued/p2plib/node.go:404.28,405.24 1 0
github.com/theued/p2plib/node.go:406.28,407.24 1 0
github.com/theued/p2plib/node.go:410.17,412.4 1 1300
github.com/theued/p2plib/node.go:417.83,418.41 1 0
github.com/theued/p2plib/node.go:426.4,426.19 1 0
github.com/theued/p2plib/node.go:418.41,419.37 1 0
github.com/theued/p2plib/node.go:423.5,423.37 1 0
github.com/theued/p2plib/node.go:419.37,420.14 1 0
github.com/theued/p2plib/node.go:432.39,433.35 1 0
github.com/theued/p2plib/node.go:437.3,437.35 1 0
github.com/theued/p2plib/node.go:433.35,434.12 1 0
github.com/theued/p2plib/node.go:449.44,450.24 1 3
github.com/theued/p2plib/node.go:454.2,454.49 1 3
github.com/theued/p2plib/node.go:450.24,452.3 1 0
github.com/theued/p2plib/node.go:463.44,464.24 1 34
github.com/theued/p2plib/node.go:468.2,468.46 1 34
github.com/theued/p2plib/node.go:464.24,466.3 1 0
github.com/theued/p2plib/node.go:472.44,474.2 1 404
github.com/theued/p2plib/node.go:479.36,481.2 1 15
github.com/theued/p2plib/node.go:486.37,488.2 1 14
github.com/theued/p2plib/node.go:495.30,497.2 1 1294
github.com/theued/p2plib/node.go:503.37,505.2 1 6
github.com/theued/p2plib/node.go:511.24,513.2 1 9
